[debug] [2023-02-19T12:25:45.228Z] ----------------------------------------------------------------------
[debug] [2023-02-19T12:25:45.230Z] Command:       C:\Dev\Node\node.exe C:\Users\alexa\AppData\Roaming\npm\node_modules\firebase-tools\lib\bin\firebase.js init hosting
[debug] [2023-02-19T12:25:45.230Z] CLI Version:   11.23.1
[debug] [2023-02-19T12:25:45.230Z] Platform:      win32
[debug] [2023-02-19T12:25:45.230Z] Node Version:  v18.13.0
[debug] [2023-02-19T12:25:45.231Z] Time:          Sun Feb 19 2023 09:25:45 GMT-0300 (Horário Padrão de Brasília)
[debug] [2023-02-19T12:25:45.232Z] ----------------------------------------------------------------------
[debug] 
[debug] [2023-02-19T12:25:45.312Z] Object "" in "firebase.json" has unknown property: {"additionalProperty":"react-native"}
[debug] [2023-02-19T12:25:45.316Z] > command requires scopes: ["email","openid","https://www.googleapis.com/auth/cloudplatformprojects.readonly","https://www.googleapis.com/auth/firebase","https://www.googleapis.com/auth/cloud-platform"]
[debug] [2023-02-19T12:25:45.316Z] > authorizing via signed-in user (alexandrenoguezrs@gmail.com)
[debug] [2023-02-19T12:25:45.317Z] Object "" in "firebase.json" has unknown property: {"additionalProperty":"react-native"}
[info] 
     ######## #### ########  ######## ########     ###     ######  ########
     ##        ##  ##     ## ##       ##     ##  ##   ##  ##       ##
     ######    ##  ########  ######   ########  #########  ######  ######
     ##        ##  ##    ##  ##       ##     ## ##     ##       ## ##
     ##       #### ##     ## ######## ########  ##     ##  ######  ########

You're about to initialize a Firebase project in this directory:

  C:\Dev\native-fy

Before we get started, keep in mind:

  * You are currently outside your home directory
  * You are initializing within an existing Firebase project directory

